Line 16: Class MSAdodcLib.Adodc of control loginado was not a loaded control class.
Line 22: The property name _ExtentX in loginado is invalid.
Line 23: The property name _ExtentY in loginado is invalid.
Line 24: The property name ConnectMode in loginado is invalid.
Line 25: The property name CursorLocation in loginado is invalid.
Line 26: The property name IsolationLevel in loginado is invalid.
Line 27: The property name ConnectionTimeout in loginado is invalid.
Line 28: The property name CommandTimeout in loginado is invalid.
Line 29: The property name CursorType in loginado is invalid.
Line 30: The property name LockType in loginado is invalid.
Line 31: The property name CommandType in loginado is invalid.
Line 32: The property name CursorOptions in loginado is invalid.
Line 33: The property name CacheSize in loginado is invalid.
Line 34: The property name MaxRecords in loginado is invalid.
Line 35: The property name BOFAction in loginado is invalid.
Line 36: The property name EOFAction in loginado is invalid.
Line 37: The property name ConnectStringType in loginado is invalid.
Line 41: The property name Orientation in loginado is invalid.
Line 43: The property name Connect in loginado is invalid.
Line 44: The property name OLEDBString in loginado is invalid.
Line 45: The property name OLEDBFile in loginado is invalid.
Line 46: The property name DataSourceName in loginado is invalid.
Line 47: The property name OtherAttributes in loginado is invalid.
Line 48: The property name UserName in loginado is invalid.
Line 49: The property name Password in loginado is invalid.
Line 50: The property name RecordSource in loginado is invalid.
Line 51: The property name Caption in loginado is invalid.
Line 61: The property name _Version in loginado is invalid.
